# JRE version: Java(TM) SE Runtime Environment (8.0_231-b11) (build 1.8.0_231-b11)
# Java VM: Java HotSpot(TM) 64-Bit Server VM (25.231-b11 mixed mode windows-amd64 compressed oops)
Heap:
 PSYoungGen      total 275968K, used 136581K [0x00000000d6180000, 0x00000000e9f80000, 0x0000000100000000)
  eden space 252416K, 44% used [0x00000000d6180000,0x00000000dcfe6e08,0x00000000e5800000)
  from space 23552K, 99% used [0x00000000e7380000,0x00000000e8a7a728,0x00000000e8a80000)
  to   space 28160K, 0% used [0x00000000e5800000,0x00000000e5800000,0x00000000e7380000)
 ParOldGen       total 117760K, used 31627K [0x0000000082400000, 0x0000000089700000, 0x00000000d6180000)
  object space 117760K, 26% used [0x0000000082400000,0x00000000842e2f90,0x0000000089700000)
 Metaspace       used 71950K, capacity 74633K, committed 74904K, reserved 1114112K
  class space    used 8841K, capacity 9318K, committed 9384K, reserved 1048576K
GC Heap History (10 events):
Event: 5.301 GC heap before
{Heap before GC invocations=11 (full 2):
 PSYoungGen      total 165376K, used 16817K [0x00000000d6180000, 0x00000000e5680000, 0x0000000100000000)
  eden space 147968K, 0% used [0x00000000d6180000,0x00000000d6180000,0x00000000df200000)
  from space 17408K, 96% used [0x00000000df200000,0x00000000e026c530,0x00000000e0300000)
  to   space 19968K, 0% used [0x00000000e4300000,0x00000000e4300000,0x00000000e5680000)
 ParOldGen       total 59904K, used 17273K [0x0000000082400000, 0x0000000085e80000, 0x00000000d6180000)
  object space 59904K, 28% used [0x0000000082400000,0x00000000834de7b8,0x0000000085e80000)
 Metaspace       used 33893K, capacity 35458K, committed 35496K, reserved 1079296K
  class space    used 4422K, capacity 4741K, committed 4776K, reserved 1048576K
Event: 5.393 GC heap after
Heap after GC invocations=11 (full 2):
 PSYoungGen      total 165376K, used 0K [0x00000000d6180000, 0x00000000e5680000, 0x0000000100000000)
  eden space 147968K, 0% used [0x00000000d6180000,0x00000000d6180000,0x00000000df200000)
  from space 17408K, 0% used [0x00000000df200000,0x00000000df200000,0x00000000e0300000)
  to   space 19968K, 0% used [0x00000000e4300000,0x00000000e4300000,0x00000000e5680000)
 ParOldGen       total 94208K, used 22574K [0x0000000082400000, 0x0000000088000000, 0x00000000d6180000)
  object space 94208K, 23% used [0x0000000082400000,0x0000000083a0b910,0x0000000088000000)
 Metaspace       used 33893K, capacity 35458K, committed 35496K, reserved 1079296K
  class space    used 4422K, capacity 4741K, committed 4776K, reserved 1048576K
}
Event: 8.235 GC heap before
{Heap before GC invocations=12 (full 2):
 PSYoungGen      total 165376K, used 147968K [0x00000000d6180000, 0x00000000e5680000, 0x0000000100000000)
  eden space 147968K, 100% used [0x00000000d6180000,0x00000000df200000,0x00000000df200000)
  from space 17408K, 0% used [0x00000000df200000,0x00000000df200000,0x00000000e0300000)
  to   space 19968K, 0% used [0x00000000e4300000,0x00000000e4300000,0x00000000e5680000)
 ParOldGen       total 94208K, used 22574K [0x0000000082400000, 0x0000000088000000, 0x00000000d6180000)
  object space 94208K, 23% used [0x0000000082400000,0x0000000083a0b910,0x0000000088000000)
 Metaspace       used 49464K, capacity 51330K, committed 51624K, reserved 1093632K
  class space    used 6704K, capacity 7063K, committed 7080K, reserved 1048576K
Event: 8.258 GC heap after
Heap after GC invocations=12 (full 2):
 PSYoungGen      total 218112K, used 19963K [0x00000000d6180000, 0x00000000e5680000, 0x0000000100000000)
  eden space 198144K, 0% used [0x00000000d6180000,0x00000000d6180000,0x00000000e2300000)
  from space 19968K, 99% used [0x00000000e4300000,0x00000000e567ed00,0x00000000e5680000)
  to   space 22528K, 0% used [0x00000000e2a80000,0x00000000e2a80000,0x00000000e4080000)
 ParOldGen       total 94208K, used 22842K [0x0000000082400000, 0x0000000088000000, 0x00000000d6180000)
  object space 94208K, 24% used [0x0000000082400000,0x0000000083a4eb58,0x0000000088000000)
 Metaspace       used 49464K, capacity 51330K, committed 51624K, reserved 1093632K
  class space    used 6704K, capacity 7063K, committed 7080K, reserved 1048576K
}
Event: 33.068 GC heap before
{Heap before GC invocations=13 (full 2):
 PSYoungGen      total 218112K, used 193050K [0x00000000d6180000, 0x00000000e5680000, 0x0000000100000000)
  eden space 198144K, 87% used [0x00000000d6180000,0x00000000e0a87c28,0x00000000e2300000)
  from space 19968K, 99% used [0x00000000e4300000,0x00000000e567ed00,0x00000000e5680000)
  to   space 22528K, 0% used [0x00000000e2a80000,0x00000000e2a80000,0x00000000e4080000)
 ParOldGen       total 94208K, used 22842K [0x0000000082400000, 0x0000000088000000, 0x00000000d6180000)
  object space 94208K, 24% used [0x0000000082400000,0x0000000083a4eb58,0x0000000088000000)
 Metaspace       used 56360K, capacity 59026K, committed 59160K, reserved 1099776K
  class space    used 7644K, capacity 8152K, committed 8232K, reserved 1048576K
Event: 33.089 GC heap after
Heap after GC invocations=13 (full 2):
 PSYoungGen      total 228352K, used 16444K [0x00000000d6180000, 0x00000000e8a80000, 0x0000000100000000)
  eden space 205824K, 0% used [0x00000000d6180000,0x00000000d6180000,0x00000000e2a80000)
  from space 22528K, 72% used [0x00000000e2a80000,0x00000000e3a8f2f0,0x00000000e4080000)
  to   space 23552K, 0% used [0x00000000e7380000,0x00000000e7380000,0x00000000e8a80000)
 ParOldGen       total 94208K, used 22850K [0x0000000082400000, 0x0000000088000000, 0x00000000d6180000)
  object space 94208K, 24% used [0x0000000082400000,0x0000000083a50b58,0x0000000088000000)
 Metaspace       used 56360K, capacity 59026K, committed 59160K, reserved 1099776K
  class space    used 7644K, capacity 8152K, committed 8232K, reserved 1048576K
}
Event: 33.089 GC heap before
{Heap before GC invocations=14 (full 3):
 PSYoungGen      total 228352K, used 16444K [0x00000000d6180000, 0x00000000e8a80000, 0x0000000100000000)
  eden space 205824K, 0% used [0x00000000d6180000,0x00000000d6180000,0x00000000e2a80000)
  from space 22528K, 72% used [0x00000000e2a80000,0x00000000e3a8f2f0,0x00000000e4080000)
  to   space 23552K, 0% used [0x00000000e7380000,0x00000000e7380000,0x00000000e8a80000)
 ParOldGen       total 94208K, used 22850K [0x0000000082400000, 0x0000000088000000, 0x00000000d6180000)
  object space 94208K, 24% used [0x0000000082400000,0x0000000083a50b58,0x0000000088000000)
 Metaspace       used 56360K, capacity 59026K, committed 59160K, reserved 1099776K
  class space    used 7644K, capacity 8152K, committed 8232K, reserved 1048576K
Event: 33.325 GC heap after
Heap after GC invocations=14 (full 3):
 PSYoungGen      total 228352K, used 0K [0x00000000d6180000, 0x00000000e8a80000, 0x0000000100000000)
  eden space 205824K, 0% used [0x00000000d6180000,0x00000000d6180000,0x00000000e2a80000)
  from space 22528K, 0% used [0x00000000e2a80000,0x00000000e2a80000,0x00000000e4080000)
  to   space 23552K, 0% used [0x00000000e7380000,0x00000000e7380000,0x00000000e8a80000)
 ParOldGen       total 117760K, used 28459K [0x0000000082400000, 0x0000000089700000, 0x00000000d6180000)
  object space 117760K, 24% used [0x0000000082400000,0x0000000083fcafc0,0x0000000089700000)
 Metaspace       used 56360K, capacity 59026K, committed 59160K, reserved 1099776K
  class space    used 7644K, capacity 8152K, committed 8232K, reserved 1048576K
}
Event: 35.433 GC heap before
{Heap before GC invocations=15 (full 3):
 PSYoungGen      total 228352K, used 205819K [0x00000000d6180000, 0x00000000e8a80000, 0x0000000100000000)
  eden space 205824K, 99% used [0x00000000d6180000,0x00000000e2a7ed48,0x00000000e2a80000)
  from space 22528K, 0% used [0x00000000e2a80000,0x00000000e2a80000,0x00000000e4080000)
  to   space 23552K, 0% used [0x00000000e7380000,0x00000000e7380000,0x00000000e8a80000)
 ParOldGen       total 117760K, used 28459K [0x0000000082400000, 0x0000000089700000, 0x00000000d6180000)
  object space 117760K, 24% used [0x0000000082400000,0x0000000083fcafc0,0x0000000089700000)
 Metaspace       used 66960K, capacity 69673K, committed 69912K, reserved 1110016K
  class space    used 8407K, capacity 8902K, committed 9000K, reserved 1048576K
Event: 35.455 GC heap after
Heap after GC invocations=15 (full 3):
 PSYoungGen      total 275968K, used 23529K [0x00000000d6180000, 0x00000000e9f80000, 0x0000000100000000)
  eden space 252416K, 0% used [0x00000000d6180000,0x00000000d6180000,0x00000000e5800000)
  from space 23552K, 99% used [0x00000000e7380000,0x00000000e8a7a728,0x00000000e8a80000)
  to   space 28160K, 0% used [0x00000000e5800000,0x00000000e5800000,0x00000000e7380000)
 ParOldGen       total 117760K, used 31627K [0x0000000082400000, 0x0000000089700000, 0x00000000d6180000)
  object space 117760K, 26% used [0x0000000082400000,0x00000000842e2f90,0x0000000089700000)
 Metaspace       used 66960K, capacity 69673K, committed 69912K, reserved 1110016K
  class space    used 8407K, capacity 8902K, committed 9000K, reserved 1048576K
}

